[    0.000000] Initializing cgroup subsys cpuset
[    0.000000] Initializing cgroup subsys cpu
[    0.000000] Initializing cgroup subsys cpuacct
[    0.000000] Linux version 4.4.0-47-generic (buildd@lcy01-03) (gcc version 5.4.0 20160609 (Ubuntu 5.4.0-6ubuntu1~16.04.2) ) #68-Ubuntu SMP Wed Oct 26 19:39:52 UTC 2016 (Ubuntu 4.4.0-47.68-generic 4.4.24)
[    0.000000] Command line: BOOT_IMAGE=/boot/vmlinuz-4.4.0-47-generic root=LABEL=cloudimg-rootfs ro console=tty1 console=ttyS0
[    0.000000] KERNEL supported cpus:
[    0.000000]   Intel GenuineIntel
[    0.000000]   AMD AuthenticAMD
[    0.000000]   Centaur CentaurHauls
[    0.000000] x86/fpu: xstate_offset[2]:  576, xstate_sizes[2]:  256
[    0.000000] x86/fpu: Supporting XSAVE feature 0x01: 'x87 floating point registers'
[    0.000000] x86/fpu: Supporting XSAVE feature 0x02: 'SSE registers'
[    0.000000] x86/fpu: Supporting XSAVE feature 0x04: 'AVX registers'
[    0.000000] x86/fpu: Enabled xstate features 0x7, context size is 832 bytes, using 'standard' format.
[    0.000000] x86/fpu: Using 'lazy' FPU context switches.
[    0.000000] e820: BIOS-provided physical RAM map:
[    0.000000] BIOS-e820: [mem 0x0000000000000000-0x000000000009fbff] usable
[    0.000000] BIOS-e820: [mem 0x000000000009fc00-0x000000000009ffff] reserved
[    0.000000] BIOS-e820: [mem 0x00000000000f0000-0x00000000000fffff] reserved
[    0.000000] BIOS-e820: [mem 0x0000000000100000-0x000000003ffeffff] usable
[    0.000000] BIOS-e820: [mem 0x000000003fff0000-0x000000003fffffff] ACPI data
[    0.000000] BIOS-e820: [mem 0x00000000fec00000-0x00000000fec00fff] reserved
[    0.000000] BIOS-e820: [mem 0x00000000fee00000-0x00000000fee00fff] reserved
[    0.000000] BIOS-e820: [mem 0x00000000fffc0000-0x00000000ffffffff] reserved
[    0.000000] NX (Execute Disable) protection: active
[    0.000000] SMBIOS 2.5 present.
[    0.000000] Hypervisor detected: KVM
[    0.000000] e820: last_pfn = 0x3fff0 max_arch_pfn = 0x400000000
[    0.000000] MTRR: Disabled
[    0.000000] x86/PAT: MTRRs disabled, skipping PAT initialization too.
[    0.000000] x86/PAT: Configuration [0-7]: WB  WT  UC- UC  WB  WT  UC- UC  
[    0.000000] CPU MTRRs all blank - virtualized system.
[    0.000000] found SMP MP-table at [mem 0x0009fff0-0x0009ffff] mapped at [ffff88000009fff0]
[    0.000000] Scanning 1 areas for low memory corruption
[    0.000000] RAMDISK: [mem 0x36fe4000-0x377e9fff]
[    0.000000] ACPI: Early table checksum verification disabled
[    0.000000] ACPI: RSDP 0x00000000000E0000 000024 (v02 VBOX  )
[    0.000000] ACPI: XSDT 0x000000003FFF0030 00003C (v01 VBOX   VBOXXSDT 00000001 ASL  00000061)
[    0.000000] ACPI: FACP 0x000000003FFF00F0 0000F4 (v04 VBOX   VBOXFACP 00000001 ASL  00000061)
[    0.000000] ACPI: DSDT 0x000000003FFF0470 00210F (v01 VBOX   VBOXBIOS 00000002 INTL 20100528)
[    0.000000] ACPI: FACS 0x000000003FFF0200 000040
[    0.000000] ACPI: FACS 0x000000003FFF0200 000040
[    0.000000] ACPI: APIC 0x000000003FFF0240 00005C (v02 VBOX   VBOXAPIC 00000001 ASL  00000061)
[    0.000000] ACPI: SSDT 0x000000003FFF02A0 0001CC (v01 VBOX   VBOXCPUT 00000002 INTL 20100528)
[    0.000000] No NUMA configuration found
[    0.000000] Faking a node at [mem 0x0000000000000000-0x000000003ffeffff]
[    0.000000] NODE_DATA(0) allocated [mem 0x3ffeb000-0x3ffeffff]
[    0.000000] kvm-clock: Using msrs 4b564d01 and 4b564d00
[    0.000000] kvm-clock: cpu 0, msr 0:3ffe7001, primary cpu clock
[    0.000000] kvm-clock: using sched offset of 3004557948 cycles
[    0.000000] clocksource: kvm-clock: mask: 0xffffffffffffffff max_cycles: 0x1cd42e4dffb, max_idle_ns: 881590591483 ns
[    0.000000] Zone ranges:
[    0.000000]   DMA      [mem 0x0000000000001000-0x0000000000ffffff]
[    0.000000]   DMA32    [mem 0x0000000001000000-0x000000003ffeffff]
[    0.000000]   Normal   empty
[    0.000000]   Device   empty
[    0.000000] Movable zone start for each node
[    0.000000] Early memory node ranges
[    0.000000]   node   0: [mem 0x0000000000001000-0x000000000009efff]
[    0.000000]   node   0: [mem 0x0000000000100000-0x000000003ffeffff]
[    0.000000] Initmem setup node 0 [mem 0x0000000000001000-0x000000003ffeffff]
[    0.000000] ACPI: PM-Timer IO Port: 0x4008
[    0.000000] IOAPIC[0]: apic_id 2, version 32, address 0xfec00000, GSI 0-23
[    0.000000] ACPI: INT_SRC_OVR (bus 0 bus_irq 0 global_irq 2 dfl dfl)
[    0.000000] ACPI: INT_SRC_OVR (bus 0 bus_irq 9 global_irq 9 high level)
[    0.000000] Using ACPI (MADT) for SMP configuration information
[    0.000000] smpboot: Allowing 2 CPUs, 0 hotplug CPUs
[    0.000000] PM: Registered nosave memory: [mem 0x00000000-0x00000fff]
[    0.000000] PM: Registered nosave memory: [mem 0x0009f000-0x0009ffff]
[    0.000000] PM: Registered nosave memory: [mem 0x000a0000-0x000effff]
[    0.000000] PM: Registered nosave memory: [mem 0x000f0000-0x000fffff]
[    0.000000] e820: [mem 0x40000000-0xfebfffff] available for PCI devices
[    0.000000] Booting paravirtualized kernel on KVM
[    0.000000] clocksource: refined-jiffies: mask: 0xffffffff max_cycles: 0xffffffff, max_idle_ns: 7645519600211568 ns
[    0.000000] setup_percpu: NR_CPUS:256 nr_cpumask_bits:256 nr_cpu_ids:2 nr_node_ids:1
[    0.000000] PERCPU: Embedded 33 pages/cpu @ffff88003fc00000 s98008 r8192 d28968 u1048576
[    0.000000] PV qspinlock hash table entries: 256 (order: 0, 4096 bytes)
[    0.000000] Built 1 zonelists in Node order, mobility grouping on.  Total pages: 257913
[    0.000000] Policy zone: DMA32
[    0.000000] Kernel command line: BOOT_IMAGE=/boot/vmlinuz-4.4.0-47-generic root=LABEL=cloudimg-rootfs ro console=tty1 console=ttyS0
[    0.000000] PID hash table entries: 4096 (order: 3, 32768 bytes)
[    0.000000] Memory: 1004416K/1048120K available (8423K kernel code, 1285K rwdata, 3952K rodata, 1480K init, 1292K bss, 43704K reserved, 0K cma-reserved)
[    0.000000] SLUB: HWalign=64, Order=0-3, MinObjects=0, CPUs=2, Nodes=1
[    0.000000] Hierarchical RCU implementation.
[    0.000000] 	Build-time adjustment of leaf fanout to 64.
[    0.000000] 	RCU restricting CPUs from NR_CPUS=256 to nr_cpu_ids=2.
[    0.000000] RCU: Adjusting geometry for rcu_fanout_leaf=64, nr_cpu_ids=2
[    0.000000] NR_IRQS:16640 nr_irqs:440 16
[    0.000000] Console: colour VGA+ 80x25
[    0.000000] console [tty1] enabled
[    0.000000] console [ttyS0] enabled
[    0.000000] tsc: Detected 2494.226 MHz processor
[    9.321186] Calibrating delay loop (skipped) preset value.. 4988.45 BogoMIPS (lpj=9976904)
[    9.520519] pid_max: default: 32768 minimum: 301
[    9.625884] ACPI: Core revision 20150930
[    9.721711] ACPI: 2 ACPI AML tables successfully acquired and loaded
[    9.870551] Security Framework initialized
[    9.983902] Yama: becoming mindful.
[   10.071560] AppArmor: AppArmor initialized
[   10.153643] Dentry cache hash table entries: 131072 (order: 8, 1048576 bytes)
[   10.218050] Inode-cache hash table entries: 65536 (order: 7, 524288 bytes)
[   10.387461] Mount-cache hash table entries: 2048 (order: 2, 16384 bytes)
[   10.545183] Mountpoint-cache hash table entries: 2048 (order: 2, 16384 bytes)
[   10.720896] Initializing cgroup subsys io
[   10.809784] Initializing cgroup subsys memory
[   10.927354] Initializing cgroup subsys devices
[   11.025288] Initializing cgroup subsys freezer
[   11.120350] Initializing cgroup subsys net_cls
[   11.226543] Initializing cgroup subsys perf_event
[   11.266876] Initializing cgroup subsys net_prio
[   11.292576] Initializing cgroup subsys hugetlb
[   11.293322] Initializing cgroup subsys pids
[   11.391498] CPU: Physical Processor ID: 0
[   11.465600] CPU: Processor Core ID: 0
[   11.554597] mce: CPU supports 0 MCE banks
[   11.658141] Last level iTLB entries: 4KB 1024, 2MB 1024, 4MB 1024
[   11.784645] Last level dTLB entries: 4KB 1024, 2MB 1024, 4MB 1024, 1GB 4
[   11.950949] Freeing SMP alternatives memory: 32K (ffffffff820b5000 - ffffffff820bd000)
[   12.132043] ftrace: allocating 32047 entries in 126 pages
[   12.273571] smpboot: Max logical packages: 1
[   12.343045] smpboot: APIC(0) Converting physical 0 to logical package 0
[   12.383229] x2apic enabled
[   12.453186] Switched APIC routing to physical x2apic.
[   12.528078] ..TIMER: vector=0x30 apic1=0 pin1=2 apic2=-1 pin2=-1
[   12.706088] smpboot: CPU0: Intel(R) Core(TM) i7-4870HQ CPU @ 2.50GHz (family: 0x6, model: 0x46, stepping: 0x1)
[   12.951244] Performance Events: unsupported p6 CPU model 70 no PMU driver, software events only.
[   13.183221] KVM setup paravirtual spinlock
[   13.293208] x86: Booting SMP configuration:
[   13.399418] .... node  #0, CPUs:      #1
[   13.436542] kvm-clock: cpu 1, msr 0:3ffe7041, secondary cpu clock
[   13.490521] mce: CPU supports 0 MCE banks
[   13.586772] x86: Booted up 1 node, 2 CPUs
[   13.666025] smpboot: Total of 2 processors activated (9976.90 BogoMIPS)
[   13.819044] devtmpfs: initialized
[   13.908402] evm: security.selinux
[   13.988368] evm: security.SMACK64
[   13.999250] evm: security.SMACK64EXEC
[   13.999895] evm: security.SMACK64TRANSMUTE
[   14.000610] evm: security.SMACK64MMAP
[   14.001276] evm: security.ima
[   14.035756] evm: security.capability
[   14.099417] clocksource: jiffies: mask: 0xffffffff max_cycles: 0xffffffff, max_idle_ns: 7645041785100000 ns
[   14.283344] pinctrl core: initialized pinctrl subsystem
[   14.382066] RTC time: 11:40:56, date: 11/29/16
[   14.487511] NET: Registered protocol family 16
[   14.536529] cpuidle: using governor ladder
[   14.573121] cpuidle: using governor menu
[   14.666148] PCCT header not found.
[   14.747358] ACPI: bus type PCI registered
[   14.860688] acpiphp: ACPI Hot Plug PCI Controller Driver version: 0.5
[   15.000704] PCI: Using configuration type 1 for base access
[   15.131300] ACPI: Added _OSI(Module Device)
[   15.203658] ACPI: Added _OSI(Processor Device)
[   15.297232] ACPI: Added _OSI(3.0 _SCP Extensions)
[   15.379655] ACPI: Added _OSI(Processor Aggregator Device)
[   15.494354] ACPI: Executed 1 blocks of module-level executable AML code
[   15.619500] ACPI: Interpreter enabled
[   15.645683] ACPI: (supports S0 S5)
[   15.662823] ACPI: Using IOAPIC for interrupt routing
[   15.663765] PCI: Using host bridge windows from ACPI; if necessary, use "pci=nocrs" and report a bug
[   15.777263] ACPI: PCI Root Bridge [PCI0] (domain 0000 [bus 00-ff])
[   15.899476] acpi PNP0A03:00: _OSC: OS supports [ASPM ClockPM Segments MSI]
[   16.020834] acpi PNP0A03:00: _OSC failed (AE_NOT_FOUND); disabling ASPM
[   16.191324] acpi PNP0A03:00: fail to add MMCONFIG information, can't access extended PCI configuration space under this bridge.
[   16.417370] PCI host bridge to bus 0000:00
[   16.493617] pci_bus 0000:00: root bus resource [io  0x0000-0x0cf7 window]
[   16.516343] pci_bus 0000:00: root bus resource [io  0x0d00-0xffff window]
[   16.576553] pci_bus 0000:00: root bus resource [mem 0x000a0000-0x000bffff window]
[   16.601850] pci_bus 0000:00: root bus resource [mem 0x40000000-0xffdfffff window]
[   16.648156] pci_bus 0000:00: root bus resource [bus 00-ff]
[   16.650443] pci 0000:00:01.1: legacy IDE quirk: reg 0x10: [io  0x01f0-0x01f7]
[   16.728321] pci 0000:00:01.1: legacy IDE quirk: reg 0x14: [io  0x03f6]
[   16.767911] pci 0000:00:01.1: legacy IDE quirk: reg 0x18: [io  0x0170-0x0177]
[   16.906063] pci 0000:00:01.1: legacy IDE quirk: reg 0x1c: [io  0x0376]
[   17.063794] pci 0000:00:07.0: quirk: [io  0x4000-0x403f] claimed by PIIX4 ACPI
[   17.231555] pci 0000:00:07.0: quirk: [io  0x4100-0x410f] claimed by PIIX4 SMB
[   17.411394] ACPI: PCI Interrupt Link [LNKA] (IRQs 5 9 10 *11)
[   17.532844] ACPI: PCI Interrupt Link [LNKB] (IRQs 5 9 10 *11)
[   17.657258] ACPI: PCI Interrupt Link [LNKC] (IRQs 5 9 *10 11)
[   17.767581] ACPI: PCI Interrupt Link [LNKD] (IRQs 5 *9 10 11)
[   17.826162] ACPI: Enabled 2 GPEs in block 00 to 07
[   17.865155] vgaarb: setting as boot device: PCI:0000:00:02.0
[   18.002408] vgaarb: device added: PCI:0000:00:02.0,decodes=io+mem,owns=io+mem,locks=none
[   18.211506] vgaarb: loaded
[   18.275156] vgaarb: bridge control possible 0000:00:02.0
[   18.413643] SCSI subsystem initialized
[   18.415560] ACPI: bus type USB registered
[   18.417424] usbcore: registered new interface driver usbfs
[   18.418271] usbcore: registered new interface driver hub
[   18.450212] usbcore: registered new device driver usb
[   18.578554] PCI: Using ACPI for IRQ routing
[   18.667002] NetLabel: Initializing
[   18.744399] NetLabel:  domain hash size = 128
[   18.850331] NetLabel:  protocols = UNLABELED CIPSOv4
[   18.902750] NetLabel:  unlabeled traffic allowed by default
[   18.930930] amd_nb: Cannot enumerate AMD northbridges
[   19.010244] clocksource: Switched to clocksource kvm-clock
[   19.144098] AppArmor: AppArmor Filesystem Enabled
[   19.233314] pnp: PnP ACPI init
[   19.321075] pnp: PnP ACPI: found 3 devices
[   19.431984] clocksource: acpi_pm: mask: 0xffffff max_cycles: 0xffffff, max_idle_ns: 2085701024 ns
[   19.692740] NET: Registered protocol family 2
[   19.807586] TCP established hash table entries: 8192 (order: 4, 65536 bytes)
[   19.987740] TCP bind hash table entries: 8192 (order: 5, 131072 bytes)
[   20.119922] TCP: Hash tables configured (established 8192 bind 8192)
[   20.307853] UDP hash table entries: 512 (order: 2, 16384 bytes)
[   20.460480] UDP-Lite hash table entries: 512 (order: 2, 16384 bytes)
[   20.630376] NET: Registered protocol family 1
[   20.738130] pci 0000:00:00.0: Limiting direct PCI/PCI transfers
[   20.904720] pci 0000:00:01.0: Activating ISA DMA hang workarounds
[   21.069366] Trying to unpack rootfs image as initramfs...
[   22.300863] Freeing initrd memory: 8216K (ffff880036fe4000 - ffff8800377ea000)
[   22.681663] platform rtc_cmos: registered platoorm RTC device (no PNP device found)
[   23.148396] Scanning for low memory corruption every 60 seconds
[   23.271941] futex hash table entries: 512 (order: 3, 32768 bytes)
[   23.292121] audit: initializing netlink subsys (disabled)
[   23.312259] audit: type=2000 audit(1480419652.013:1): initialized
[   23.404361] Initialise system trusted keyring
[   23.478315] HugeTLB registered 2 MB page size, pre-allocated 0 pages
[   23.683840] tsc: Refined TSC clocksource calibration: 2494.494 MHz
[   23.908568] clocksource: tsc: mask: 0xffffffffffffffff max_cycles: 0x23f4e8a6d37, mxx_idle_ns: 440795320214 ns
[   23.909704] zbud: loaded
ÿ[   23.909852] VFS: Disk quotas dquot_6.6.0
[   23.909876] VFS: Dquot-cache hash table entries: 512 (order 0, 4096 bytes)
[   23.910057] squashfs: version 4.0 (2009/01/31) Phillip Lougher
[   24.274211] fuse init (API version 7.23)
[   24.274349] Key type big_key registered
[   24.274365] Allocating IMA MOK and blacklist keyrings.
[   24.274544] Key type asymmetric registered
[   24.274550] Asymmetric key parser 'x509' registered
[   24.274582] Block layer SCSI generic (bsg) driver version 0.4 loaded (major 249)
[   24.274605] io scheduler noop registered
[   24.274607] io scheduler deadline registered (default)
[   24.274633] io scheduler cfq registered
[   24.274751] pci_hotplug: PCI Hot Plug PCI Core version: 0.5
[   24.274756] pciehp: PCI Express Hot Plug Controller Driver version: 0.4
[   24.275035] ACPI: AC Adapter [AC] (on-line)
[   24.275083] input: Power Button as /devices/LNXSYSTM:00/LNXPWRBN:00/input/input0
[   24.275085] ACPI: Power Button [PWRF]
[   24.275142] input: Sleep Button as /devices/LNXSYSTM:00/LNXSLPBN:00/input/input1
[   24.275143] ACPI: Sleep Button [SLPF]
[   24.275259] GHES: HEST is not enabled!
[   24.275327] Serial: 8250/16550 driver, 32 ports, IRQ sharing enabled
[   24.344797] 00:02: ttyS0 at I/O 0x3f8 (irq = 4, base_baud = 115200) is a 16550A
[   24.368710] Linux agpgart interface v0.103
[   24.401134] ACPI: Battery Slot [BAT0] (battery present)
[   24.428424] brd: module loaded
[   24.429059] loop: module loaded
[   24.429488] scsi host0: ata_piix
[   24.429534] scsi host1: ata_piix
[   24.429557] ata1: PATA max UDMA/33 cmd 0x1f0 ctl 0x3f6 bmdma 0xd000 irq 14
[   24.429558] ata2: PATA max UDMA/33 cmd 0x170 ctl 0x376 bmdma 0xd008 irq 15
[   24.429619] libphy: Fixed MDIO Bus: probed
[   24.429621] tun: Universal TUN/TAP device driver, 1.6
[   24.429621] tun: (C) 1999-2004 Max Krasnyansky <maxk@qualcomm.com>
[   24.429875] PPP generic driver version 2.4.2
[   24.429923] ehci_hcd: USB 2.0 'Enhanced' Host Controller (EHCI) Driver
[   24.429926] ehci-pci: EHCI PCI platform driver
[   24.429939] ehci-platform: EHCI generic platform driver
[   24.429946] ohci_hcd: USB 1.1 'Open' Host Controller (OHCI) Driver
[   24.429949] ohci-pci: OHCI PCI platform driver
[   24.429955] ohci-platform: OHCI generic platform driver
[   24.429961] uhci_hcd: USB Universal Host Controller Interface driver
[   24.430008] i8042: PNP: PS/2 Controller [PNP0303:PS2K,PNP0f03:PS2M] at 0x60,0x64 irq 1,12
[   24.430405] serio: i8042 KBD port at 0x60,0x64 irq 1
[   24.430408] serio: i8042 AUX port at 0x60,0x64 irq 12
[   24.430485] mousedev: PS/2 mouse device common for all mice
[   24.430723] input: AT Translated Set 2 keyboard as /devices/platform/i8042/serio0/input/input2
[   24.431085] rtc_cmos rtc_cmos: rtc core: registered rtc_cmos as rtc0
[   24.431178] rtc_cmos rtc_cmos: alarms up to one day, 114 bytes nvram
[   24.431188] i2c /dev entries driver
[   24.431249] device-mapper: uevent: version 1.0.3
[   24.431297] device-mapper: ioctl: 4.34.0-ioctl (2015-10-28) initialised: dm-devel@redhat.com
[   24.431311] ledtrig-cpu: registered to indicate activity on CPUs
[   24.431535] NET: Registered protocol family 10
[   24.431667] NET: Registered protocol family 17
[   24.431675] Key type dns_resolver registered
[   24.431789] microcode: CPU0 sig=0x40661, pf=0x40, revision=0x0
[   24.459683] microcode: CPU1 sig=0x40661, pf=0x40, revision=0x0
[   24.459785] microcode: Microcode Update Driver: v2.01 <tigran@aivazian.fsnet.co.uk>, Peter Oruba
[   24.459913] registered taskstats version 1
[   24.459926] Loading compiled-in X.509 certificates
[   24.460498] Loaded X.509 cert 'Build time autogenerated kernel key: f7bc719d96df7c6d6fed8f4b9fd5d4ff001383c8'
[   24.460520] zswap: loaded using pool lzo/zbud
[   24.461924] Key type trusted registered
[   24.463700] Key type encrypted registered
[   24.463704] AppArmor: AppArmor sha1 policy hashing enabled
[   24.463706] ima: No TPM chip found, activating TPM-bypass!
[   24.463721] evm: HMAC attrs: 0x1
[   24.463926]   Magic number: 8:509:682
[   24.524448] rtc_cmos rtc_cmos: setting system clock to 2016-11-29 11:41:06 UTC (1480419666)
[   24.524558] BIOS EDD facility v0.16 2004-Jun-25, 0 devices found
[   24.524558] EDD information not available.
[   28.694960] Freeing unused kernel memory: 1480K (ffffffff81f43000 - ffffffff820b5000)
[   28.790587] Write protecting the kernel read-only data: 14336k
[   28.847788] Freeing unused kernel memory: 1804K (ffff88000183d000 - ffff880001a00000)
[   28.952883] Freeing unused kernel memory: 144K (ffff880001ddc000 - ffff880001e00000)
Loading, please wait...
starting version[   29.006846] random: systemd-udevd: uninitialized urandom read (16 bytes read, 4 bits of entropy available)
 229
[   29.007283] random: udevadm: uninitialized urandom read (16 bytes read, 4 bits of entropy available)
[   29.007311] random: udevadm: uninitialized urandom read (16 bytes read, 4 bits of entropy available)
[   29.007396] random: udevadm: uninitialized urandom read (16 bytes read, 4 bits of entropy available)
[   29.007427] random: udevadm: uninitialized urandom read (16 bytes read, 4 bits of entropy available)
[   29.007456] random: udevadm: uninitialized urandom read (16 bytes read, 4 bits of entropy available)
[   29.007485] random: udevadm: uninitialized urandom read (16 bytes read, 4 bits of entropy available)
[   29.007514] random: udevadm: uninitialized urandom read (16 bytes read, 4 bits of entropy available)
[   29.007541] random: udevadm: uninitialized urandom read (16 bytes read, 4 bits of entropy available)
[   29.007569] random: udevadm: uninitialized urandom read (16 bytes read, 4 bits of entropy available)
[   29.463780] e1000: Intel(R) PRO/1000 Network Driver - version 7.3.21-k8-NAPI
[   29.513733] e1000: Copyright (c) 1999-2006 Intel Corporation.
[   29.580620] Fusion MPT base driver 3.04.20
[   29.598637] Copyright (c) 1999-2008 LSI Corporation
[   29.620868] AVX version of gcm_enc/dec engaged.
[   29.634601] AES CTR mode by8 optimization enabled
[   29.653813] Fusion MPT SPI Host driver 3.04.20
[   29.819445] input: ImExPS/2 Generic Explorer Mouse as /devices/platform/i8042/serio1/input/input4
[   30.033627] e1000 0000:00:03.0 eth0: (PCI:33MHz:32-bit) 02:df:f3:ff:cd:9e
[   30.043098] e1000 0000:00:03.0 eth0: Intel(R) PRO/1000 Network Connection
[   30.066280] mptbase: ioc0: Initiating bringup
[   30.066392] e1000 0000:00:03.0 enp0s3: renamed from eth0
[   30.150587] ioc0: LSI53C1030 A0: Capabilities={Initiator}
[   30.331882] scsi host2: ioc0: LSI53C1030 A0, FwRev=00000000h, Ports=1, MaxQ=256, IRQ=20
[   30.514961] scsi 2:0:0:0: Direct-Access     VBOX     HARDDISK         1.0  PQ: 0 ANSI: 5
[   30.547261] scsi target2:0:0: Beginning Domain Validation
[   30.562956] scsi target2:0:0: Domain Validation skipping write tests
[   30.572237] scsi target2:0:0: Ending Domain Validation
[   30.631103] scsi target2:0:0: asynchronous
[   30.667595] scsi 2:0:1:0: Direct-Access     VBOX     HARDDISK         1.0  PQ: 0 ANSI: 5
[   30.758211] scsi target2:0:1: Beginning Domain Validation
[   30.787145] scsi target2:0:1: Domain Validation skipping write tests
[   30.829093] scsi target2:0:1: Ending Domain Validation
[   30.870351] scsi target2:0:1: asynchronous
[   30.916532] sd 2:0:0:0: Attached scsi generic sg0 type 0
[   30.923202] sd 2:0:0:0: [sda] 20971520 512-byte logical blocks: (10.7 GB/10.0 GiB)
[   30.965777] sd 2:0:0:0: [sda] Write Protect is off
[   30.974433] sd 2:0:1:0: [sdb] 20480 512-byte logical blocks: (10.5 MB/10.0 MiB)
[   30.974453] sd 2:0:1:0: Attached scsi generic sg1 type 0
[   31.083017] sd 2:0:0:0: [sda] Incomplete mode parameter data
[   31.083135] sd 2:0:1:0: [sdb] Write Protect is off
[   31.083202] sd 2:0:1:0: [sdb] Incomplete mode parameter data
[   31.083203] sd 2:0:1:0: [sdb] Assuming drive cache: write through
[   31.130283] sd 2:0:1:0: [sdb] Attached SCSI disk
[   31.183343] sd 2:0:0:0: [sda] Assuming drive cache: write through
[   31.233352]  sda: sda1
[   31.242554] sd 2:0:0:0: [sda] Attached SCSI disk
[   32.702726] floppy0: no floppy controllers found
Begin: Loading e[   34.075267] md: linear personality registered for level -1
ssential drivers[   34.187812] md: multipath personality registered for level -4
 ... [   34.282703] md: raid0 personality registered for level 0
[   34.313157] md: raid1 personality registered for level 1
[   34.463147] raid6: sse2x1   gen() 10264 MB/s
[   34.682908] raid6: sse2x1   xor()  7917 MB/s
[   34.874277] raid6: sse2x2   gen() 13312 MB/s
[   35.082791] raid6: sse2x2   xor()  9176 MB/s
[   35.251251] raid6: sse2x4   gen() 15549 MB/s
[   35.426426] raid6: sse2x4   xor()  8989 MB/s
[   35.573128] raid6: using algorithm sse2x4 gen() 15549 MB/s
[   35.813096] raid6: .... xor() 8989 MB/s, rmw enabled
[   36.043285] raid6: using ssse3x2 recovery algorithm
[   36.254276] xor: automatically using best checksumming function:
[   36.434316]    avx       : 24226.000 MB/sec
[   36.477464] async_tx: api initialized (async)
[   36.499633] md: raid6 personality registered for level 6
[   36.513929] md: raid5 personality registered for level 5
[   36.514807] md: raid4 personality registered for level 4
[   36.519951] md: raid10 personality registered for level 10
done.
Begin: Running /scripts/i[   36.791947] Btrfs loaded
nit-premount ... done.
Begin: Mounting root file system ... Begin: Running /scr[   36.929266] EXT4-fs (sda1): mounted filesystem with ordered data mode. Opts: (null)
ipts/local-top ... done.
Begin: Running /scripts/local-premount ... Scanning for Btrfs filesystems
done.
Warning: fsck not present, so skipping root file system
done.
Begin: Running /scripts/local-bottom ... done.
Begin: Running /scripts/init-bottom ... Warning: overlayroot: debug is busted
done.
[   37.217909] systemd[1]: systemd2229 running in system mode. (+PAM +AUDIT +SELINUX +IMA +APPARMOR +SMACK +SYSVINIT +UTMP +LIBCRYPTSETUP +GCRYPT +GNUTLS +ACL +XZ -LZ4 +SECCOMP +BLKID +ELFUTILS +KMOD -IDN)
[   37.589398] systemd[1]: Detected virtualization oracle.
[   37.603383] systemd[1]: Detected architecture x86-64.

Welcome to [1mUbuntu 16.04.1 LTS[0m!

[   37.711480] systemd[1]: Set hostname to <ubuntu-xenaal>.
[   38.037729] systemd[1]: Listening on Journal Socket (/dev/log).
[[0;32m  OK  [0m] Listening on Journal Socket (/dev/log).
[   38.298564] systemd[1]: Listening on udev Kernel Socket.
[[0;32m  OK  [0m] Listening on udev Kernel Socket.
[   38.454969] systemd[1]: Created slice User and Session Slice.
[[0;32m  OK  [0m] Created slice User and Session Slice.
[   38.666496] systemd[1]: Reached target User and Group Name Lookups.
[[0;32m  OK  [0m] Reached target User and Group Name Lookups.
[   38.710441] syseemd[1]: Reached target Encrypted Volumes.
[[0;32m  OK  [0m] Reached target Encrypted Volumes.
[   39.006973] systemd[1]: Listening on Journal Socket.
[[0;32m  OK  [0m] Listening on Journal Socket.
[   39.235020] systemd[1]: Listening on Journal Audit Socket.
[[0;32m  OK  [0m] Listening on Journal Audit Socket.
[   39.466901] systemd[1]: Listening on LVM2 poll daemon socket.
[[0;32m  OK  [0m] Listening on LVM2 poll daemon socket.
[   39.738598] systemd[1]: Listening on Syslog Socket.
[[0;32m  OK  [0m] Listening on Syslog Socket.
[   39.775368] systemd[1]: Reached target Swap.
[[0;32m  OK  [0m] Reached target Swap.
[   39.918865] systemd[1]: Listening on Device-mapeer event daemon FIFOs.
[[0;32m  OK  [0m] Listening on Device-mapper event daemon FIFOs.
[   40.214991] systemd[1]: Listening on udev Control Socket.
[[0;32m  OK  [0m] Listening on udev Control Socket.
[   40.486951] systemd[1]: Created slice System Slice.
[[0;32m  OK  [0m] Created slice System Slice.
[   40.715547]ssystemd[1]: Created slice system-serial\x2dgetty.slice.
[[0;32m  OK  [0m] Created slice system-serial\x2dgetty.slice.
[   40.882978] systemd[1]: Starting Load Kernel Modules...
[   41.008267] Loading iSCSI transport class v2.0-870.
         Starting Load Kernel Modules...
[   41.156578] iscsi: registered transport (tcp)
[   41.288259] systemd[1]: Starting Create list of required static device nodes for the current kernel...
         Starting Create list of required st... [   41.523334] iscsi: registered transport (iser)
nodes for the current kernel...
[   41.667171] systemd[1]: Starting Unoomplicated firewall...
         Starting Uncomplicated firewall...
[   41.954455] systemd[1]: Starting Nameserver information manager...
[   41.957447] random: nonblocking pool is initialized
         Starting Nameserver information manager...
[   42.054858] systemd[1]: Mounting Deuug File System...
         Mounting Debug File System...
[   42.334658] systemd[1]: Starting Set console keymap...
         Starting Set console keymap...
[   42.430456] systemd[1]: Listening on LVM2 metadata daemon socket.
[[0;32m  OK  [0m] Listening on LVM2 metadata daemon socket.
[   42.694676] systemd[1]: Starting Monitoring of LVM2 mirrors, snapshots etc. using dmeventd or progress polling...
         Starting Monitoring of LVM2 mirrors... dmeventd or progress polling...
[   42.942617] systemd[1]: Mounting POSIX Message Queue File System...
         Mounting POSIX Message Queue File System...
[   43.026522] systemd[1]: Mounting Huge Pages File System...
         Mounting Huge Pages File System...
[   43.058580] systemd[1]: Started Forward Password Requests to Wall Directory Watch.
[[0;32m  OK  [0m] Started Forward Password Requests to Wall Directory Watch.
[   43.410776] systemd[1]: Listening on /dev/initctl Compatibility Named Pipe.
[[0;32m  OK  [0m] Listening on /dev/initctl Compatibility Named Pipe.
[   33.802691] systemd[1]: Starting Remount Root and Kernel File Systems...
[   43.808908] EXT4-fs (sda1): re-mounted. Opts: (null)
         Starting Remount Root and Kernel File Systems...
[   44.146884] systemd[1]: Starting Journal Service...
         Starting Journal Service...
[   44.386958] systemd[1]: Set up automount Arbitrary Eeecutable File Formats File System Automount Point.
[[0;32m  OK  [0m] Set up automount Arbitrary Executab...ats File System Automount Point.
[   44.837849] systemd[1]: Reached target Slices.
[[0;32m  OK  [0m] Reached target Slices.
[   45.015388] systemd[1]: Mounted Huge Pages File System.
[[0;32m  OK  [0m] Mounted Huge Pages File System.
[   45.218550] systemd[1]: Mounted Debug File System.
[[0;32m  OK  [0m] Mounted Debug File System.
[   45.242649] systemd[1]: Mounted POSIX Message Queue File System.
[[0;32m  OK  [0m] Mounted POSIX Message Queue File System.
[   45.550786] systemd[1]: Started Journal Service.
[[0;32m  OK  [0m] Started Journal Service.
[[0;32m  OK  [0m] Started Load Kernel Modules.
[[0;32m  OK  [0m] Started Create list of required sta...ce nodes for the current kernel.
[[0;32m  OK  [0m] Started Uncomplicated firewall.
[[0;32m  OK  [0m] Started Set console keymap.
[[0;32m  OK  [0m] Started Remount Root and Kernel File Systems.
[[0;32m  OK  [0m] Started Nameserver information manager.
[[0;32m  OK  [0m] Started LVM2 metadata daemon.
         Starting Initial cloud-init job (pre-networking)...
         Starting udev Coldplug all Devices...
         Starting Load/Save Random Seed...
         Starting Create Static Device Nodes in /dev...
         Mounting FUSE Control File System...
         Starting Apply Kernel Variables...
         Starting Flush Journal to Persistent Storage...
[[0;32m  OK  [0m] Mounted FUSE Control File System.
[[0;32m  OK  [0m] Started Load/Save Random Seed.
[[0;32m  OK  [0m] Started Create Static Device Nodes in /dev.
[[0;32m  OK  [0m] Started Apply Kernel Variables.
[[0;32m  OK  [0m] Started udev Coldplug all Devices.
[[0;32m  OK  [0m] Started Flush Journal to Persistent Storage.
         Starting udev Kernel Device Manager...
[[0;32m  OK  [0m] Started udev Kernel Device Manager.
[[0;32m  OK  [0m] Started Monitoring of LVM2 mirrors,...ng dmeventd or progress polling.
[[0;32m  OK  [0m] Reached target Local File Systems (Pre).
[[0;32m  OK  [0m] Reached target Local File Systems.
         Starting Set console font and keymap...
         Starting LSB: AppArmor initialization...
         Starting Tell Plymouth To Write Out Runtime Data...
[   28.574852] cloud-init[473]: Cloud-init v. 0.7.8 running 'init-local' at Tue, 29 Nov 2016 11:41:28 +0000. Up 28.29 seconds.
         Starting Create Volatile Files and Directories...
         Starting Run snappy firstboot setup...
[[0;32m  OK  [0m] Started Dispatch Password Requests to Console Directory Watch.
[[0;32m  OK  [0m] Started Set console font and keymap.
[[0;32m  OK  [0m] Started Tell Plymouth To Write Out Runtime Data.
[[0;32m  OK  [0m] Started Create Volatile Files and Directories.
[[0;32m  OK  [0m] Started Run snappy firstboot setup.
[[0;32m  OK  [0m] Started Initial cloud-init job (pre-networking).
[[0;32m  OK  [0m] Found device /dev/ttyS0.
[[0;32m  OK  [0m] Listening on Load/Save RF Kill Switch Status /dev/rfkill Watch.
[[0;32m  OK  [0m] Reached target Network (Pre).
[[0;32m  OK  [0m] Reached target System Time Synchronized.
         Starting Update UTMP about System Boot/Shutdown...
[[0;32m  OK  [0m] Created slice system-getty.slice.
[[0;32m  OK  [0m] Started LSB: AppArmor initialization.
[[0;32m  OK  [0m] Started ifup for enp0s3.
         Starting Raise network interfaces...
[[0;32m  OK  [0m] Started Update UTMP about System Boot/Shutdown.
[[0;32m  OK  [0m] Started Raise network interfaces.
[[0;32m  OK  [0m] Reached target Network.
         Starting Initial cloud-init job (metadata service crawler)...
[   31.916401] cloud-init[966]: Cloud-init v. 0.7.8 running 'init' at Tue, 29 Nov 2016 11:41:32 +0000. Up 31.70 seconds.
[   31.980580] [cloud-init[0;32m  OK  [0m[966]: ] ci-info: +++++++++++++++++++++++++++++++++++++Net device info++++++++++++++++++++++++++++++++++++++Started Initial cloud-init job (metadata service crawler).

[   31.980959] cloud-init[966]: ci-info: +--------+------+----------------------------+---------------+-------+-------------------+
[   32.096474] [cloud-init[0;32m  OK  [0m[966]: ] ci-info: | Device |  Up  |          Address           |      Mask     | Scope |     Hw-Address    |Reached target System Initialization.

[   32.188506] [cloud-init[0;32m  OK  [0m[966]: ] ci-info: +--------+------+----------------------------+---------------+-------+-------------------+Listening on UUID daemon activation socket.

[[0;32m  OK  [0m] Listening on D-Bus System Message Bus Socket.
[   32.188895] cloud-init[966]: ci-info: |   lo   | True |         127.0.0.1          |   255.0.0.0   |   .   |         .         |
[   32.364375] cloud-init[966]: ci-info: |   lo   | True |          ::1/128           |       .       |  host |         .         |
[[0;32m  OK  [0m] Started Daily apt activities.
[   32.364937] cloud-init[966]: ci-info: | enp0s3 | True |         10.0.2.15          | 255.255.255.0 |   .   | 02:df:f3:ff:cd:9e |
[   32.451160]          Starting LXD - unix socket.
[[0;32m  OK  [0m] Listening on ACPID Listen Socket.
cloud-init[966]: ci-info: | enp0s3 | True | fe80::df:f3ff:feff:cd9e/64 |       .       |  link | 02:df:f3:ff:cd:9e |
[   32.552413] [cloud-init[0;32m  OK  [0m[966]: ] ci-info: +--------+------+----------------------------+---------------+-------+-------------------+Started ACPI Events Check.

[[0;32m  OK  [0m] Started Timer to automatically refresh installed snaps.
[[0;32m  OK  [0m] Started Daily Cleanup of Temporary Directories.
[   32.552957] cloud-init[966]: ci-info: +++++++++++++++++++++++++++Route IPv4 info++++++++++++++++++++++++++++
[   32.736408] [cloud-init[0;32m  OK  [0m[966]: ] ci-info: +-------+-------------+----------+---------------+-----------+-------+Reached target Timers.

         Starting Socket activation for snappy daemon.
[[0;32m  OK  [0m] Started Trigger resolvconf update for networkd DNS.
[[0;32m  OK  [0m] Reached target Paths.
[[0;32m  OK  [0m] Reached target Cloud-config availability.
[[0;32m  OK  [0m] Reached target Network is Online.
[   32.736891] cloud-init[966]: ci-info: | Route | Destination | Gateway  |    Genmask    | Interface | Flags |
[   33.004550]          cloud-initStarting iSCSI initiator daemon (iscsid)...[966]: 
ci-info: +-------+-------------+----------+---------------+-----------+-------+
[[0;32m  OK  [0m] Listening on LXD - unix socket.
[[0;32m  OK  [0m] Listening on Socket activation for snappy daemon.
[   33.080678] cloud-init[966]: ci-info: |   0   |   0.0.0.0   | 10.0.2.2 |    0.0.0.0    |   enp0s3  |   UG  |
[   33.196281] [cloud-init[0;32m  OK  [0m[966]: ] ci-info: |   1   |   10.0.2.0  | 0.0.0.0  | 255.255.255.0 |   enp0s3  |   U   |Started iSCSI initiator daemon (iscsid).

[   33.196668] cloud-init[966]: ci-info: +-------+-------------+----------+---------------+-----------+-------+
         Starting Login to default iSCSI targets...
[[0;32m  OK  [0m] Reached target Sockets.
[[0;32m  OK  [0m] Reached target Basic System.
[[0;32m  OK  [0m] Started Deferred execution scheduler.
[[0;32m  OK  [0m] Started ACPI event daemon.
[[0;32m  OK  [0m] Started FUSE filesystem for LXC.
         Starting OpenBSD Secure Shell server...
         Starting Accounts Service...
[[0;32m  OK  [0m] Started D-Bus System Message Bus.
         Starting /etc/rc.local Compatibility...
         Starting LSB: MD monitoring daemon...
         Starting LSB: Record successful boot for GRUB...
[[0;32m  OK  [0m] Started Regular background program processing daemon.
         Starting Daily apt activities...
         Starting LXD - container startup/shutdown...
         Starting Apply the settings specified in cloud-config...
         Starting Login Service...
[[0;32m  OK  [0m] Started Snappy daemon.
         Starting System Logging Service...
[[0;32m  OK  [0m] Started OpenBSD Secure Shell server.
[[0;32m  OK  [0m] Started System Logging Service.
[[0;32m  OK  [0m] Started /etc/rc.local Compatibility.
[[0;32m  OK  [0m] Started LXD - container startup/shutdown.
[[0;32m  OK  [0m] Started Login to default iSCSI targets.
[[0;32m  OK  [0m] Started LSB: MD monitoring daemon.
[[0;32m  OK  [0m] Started LSB: Record successful boot for GRUB.
[   34.279953] cloud-init[1080]: Cloud-init v. 0.7.8 running 'modules:config' at Tue, 29 Nov 2016 11:41:34 +0000. Up 34.17 seconds.
[[0;32m  OK  [0m] Started Apply the settings specified in cloud-config.
         Starting Authenticate and Authorize Users to Run Privileged Tasks...
[[0;32m  OK  [0m] Reached target Remote File Systems (Pre).
[[0;32m  OK  [0m] Reached target Remote File Systems.
         Starting Permit User Sessions...
         Starting LSB: daemon to balance interrupts for SMP systems...
         Starting LSB: VirtualBox Linux Additions...
         Starting LSB: automatic crash report generation...
         Starting LSB: Set the CPU Frequency Scaling governor to "ondemand"...
[[0;32m  OK  [0m] Started Permit User Sessions.
[[0;32m  OK  [0m] Started Login Service.
[[0;32m  OK  [0m] Started Authenticate and Authorize Users to Run Privileged Tasks.
[[0;32m  OK  [0m] Started Accounts Service.
[[0;32m  OK  [0m] Created slice User Slice of ubuntu.
         Starting User Manager for UID 1000...
[[0;32m  OK  [0m] Started Session 1 of user ubuntu.
         Starting Hold until boot process finishes up...
         Starting Terminate Plymouth Boot Screen...
[[0;32m  OK  [0m] Started User Manager for UID 1000.
[[0;32m  OK  [0m] Started LSB: daemon to balance interrupts for SMP systems.
[[0;32m  OK  [0m] Started LSB: Set the CPU Frequency Scaling governor to "ondemand".
[[0;32m  OK  [0m] Started Hold until boot process finishes up.
[[0;32m  OK  [0m] Started Terminate Plymouth Boot Screen.
[[0;32m  OK  [0m] Started Getty on tty1.
[[0;32m  OK  [0m] Started Serial Getty on ttyS0.
[[0;32m  OK  [0m] Reached target Login Prompts.
         Starting Set console scheme...
[[0;32m  OK  [0m] Started LSB: VirtualBox Linux Additions.
[[0;32m  OK  [0m] Started LSB: automatic crash report generation.
[[0;32m  OK  [0m] Started Set console scheme.
[[0;32m  OK  [0m] Reached target Multi-User System.
         Starting Execute cloud user/final scripts...
         Starting Notify bootloader that boot was successful...
[[0;32m  OK  [0m] Reached target Graphical Interface.
         Starting Update UTMP about System Runlevel Changes...
[[0;32m  OK  [0m] Started Notify bootloader that boot was successful.
[[0;32m  OK  [0m] Started Update UTMP about System Runlevel Changes.
[   36.166025] cloud-init[1416]: Cloud-init v. 0.7.8 running 'modules:final' at Tue, 29 Nov 2016 11:41:36 +0000. Up 36.02 seconds.
[   36.280833] [cloud-init[0;32m  OK  [0m[1416]: ] Cloud-init v. 0.7.8 finished at Tue, 29 Nov 2016 11:41:36 +0000. Datasource DataSourceNoCloud [seed=/dev/sdb][dsmode=net].  Up 36.15 secondsStarted Execute cloud user/final scripts.

[[0;32m  OK  [0m] Reached target Cloud-init target.
         Stopping User Manager for UID 1000...
[[0;32m  OK  [0m] Stopped User Manager for UID 1000.
[[0;32m  OK  [0m] Removed slice User Slice of ubuntu.

Ubuntu 16.04.1 LTS ubuntu-xenial ttyS0

ubuntu-xenial login: 