[    0.000000] Initializing cgroup subsys cpuset
[    0.000000] Initializing cgroup subsys cpu
[    0.000000] Initializing cgroup subsys cpuacct
[    0.000000] Linux version 4.4.0-47-generic (buildd@lcy01-03) (gcc version 5.4.0 20160609 (Ubuntu 5.4.0-6ubuntu1~16.04.2) ) #68-Ubuntu SMP Wed Oct 26 19:39:52 UTC 2016 (Ubuntu 4.4.0-47.68-generic 4.4.24)
[    0.000000] Command line: BOOT_IMAGE=/boot/vmlinuz-4.4.0-47-generic root=LABEL=cloudimg-rootfs ro console=tty1 console=ttyS0
[    0.000000] KERNEL supported cpus:
[    0.000000]   Intel GenuineIntel
[    0.000000]   AMD AuthenticAMD
[    0.000000]   Centaur CentaurHauls
[    0.000000] x86/fpu: xstate_offset[2]:  576, xstate_sizes[2]:  256
[    0.000000] x86/fpu: Supporting XSAVE feature 0x01: 'x87 floating point registers'
[    0.000000] x86/fpu: Supporting XSAVE feature 0x02: 'SSE registers'
[    0.000000] x86/fpu: Supporting XSAVE feature 0x04: 'AVX registers'
[    0.000000] x86/fpu: Enabled xstate features 0x7, context size is 832 bytes, using 'standard' format.
[    0.000000] x86/fpu: Using 'lazy' FPU context switches.
[    0.000000] e820: BIOS-provided physical RAM map:
[    0.000000] BIOS-e820: [mem 0x0000000000000000-0x000000000009fbff] usable
[    0.000000] BIOS-e820: [mem 0x000000000009fc00-0x000000000009ffff] reserved
[    0.000000] BIOS-e820: [mem 0x00000000000f0000-0x00000000000fffff] reserved
[    0.000000] BIOS-e820: [mem 0x0000000000100000-0x000000003ffeffff] usable
[    0.000000] BIOS-e820: [mem 0x000000003fff0000-0x000000003fffffff] ACPI data
[    0.000000] BIOS-e820: [mem 0x00000000fec00000-0x00000000fec00fff] reserved
[    0.000000] BIOS-e820: [mem 0x00000000fee00000-0x00000000fee00fff] reserved
[    0.000000] BIOS-e820: [mem 0x00000000fffc0000-0x00000000ffffffff] reserved
[    0.000000] NX (Execute Disable) protection: active
[    0.000000] SMBIOS 2.5 present.
[    0.000000] Hypervisor detected: KVM
[    0.000000] e820: last_pfn = 0x3fff0 max_arch_pfn = 0x400000000
[    0.000000] MTRR: Disabled
[    0.000000] x86/PAT: MTRRs disabled, skipping PAT initialization too.
[    0.000000] x86/PAT: Configuration [0-7]: WB  WT  UC- UC  WB  WT  UC- UC  
[    0.000000] CPU MTRRs all blank - virtualized system.
[    0.000000] found SMP MP-table at [mem 0x0009fff0-0x0009ffff] mapped at [ffff88000009fff0]
[    0.000000] Scanning 1 areas for low memory corruption
[    0.000000] RAMDISK: [mem 0x36fe4000-0x377e9fff]
[    0.000000] ACPI: Early table checksum verification disabled
[    0.000000] ACPI: RSDP 0x00000000000E0000 000024 (v02 VBOX  )
[    0.000000] ACPI: XSDT 0x000000003FFF0030 00003C (v01 VBOX   VBOXXSDT 00000001 ASL  00000061)
[    0.000000] ACPI: FACP 0x000000003FFF00F0 0000F4 (v04 VBOX   VBOXFACP 00000001 ASL  00000061)
[    0.000000] ACPI: DSDT 0x000000003FFF0470 00210F (v01 VBOX   VBOXBIOS 00000002 INTL 20100528)
[    0.000000] ACPI: FACS 0x000000003FFF0200 000040
[    0.000000] ACPI: FACS 0x000000003FFF0200 000040
[    0.000000] ACPI: APIC 0x000000003FFF0240 00005C (v02 VBOX   VBOXAPIC 00000001 ASL  00000061)
[    0.000000] ACPI: SSDT 0x000000003FFF02A0 0001CC (v01 VBOX   VBOXCPUT 00000002 INTL 20100528)
[    0.000000] No NUMA configuration found
[    0.000000] Faking a node at [mem 0x0000000000000000-0x000000003ffeffff]
[    0.000000] NODE_DATA(0) allocated [mem 0x3ffeb000-0x3ffeffff]
[    0.000000] kvm-clock: Using msrs 4b564d01 and 4b564d00
[    0.000000] kvm-clock: cpu 0, msr 0:3ffe7001, primary cpu clock
[    0.000000] kvm-clock: using sched offset of 3067436236 cycles
[    0.000000] clocksource: kvm-clock: mask: 0xffffffffffffffff max_cycles: 0x1cd42e4dffb, max_idle_ns: 881590591483 ns
[    0.000000] Zone ranges:
[    0.000000]   DMA      [mem 0x0000000000001000-0x0000000000ffffff]
[    0.000000]   DMA32    [mem 0x0000000001000000-0x000000003ffeffff]
[    0.000000]   Normal   empty
[    0.000000]   Device   empty
[    0.000000] Movable zone start for each node
[    0.000000] Early memory node ranges
[    0.000000]   node   0: [mem 0x0000000000001000-0x000000000009efff]
[    0.000000]   node   0: [mem 0x0000000000100000-0x000000003ffeffff]
[    0.000000] Initmem setup node 0 [mem 0x0000000000001000-0x000000003ffeffff]
[    0.000000] ACPI: PM-Timer IO Port: 0x4008
[    0.000000] IOAPIC[0]: apic_id 2, version 32, address 0xfec00000, GSI 0-23
[    0.000000] ACPI: INT_SRC_OVR (bus 0 bus_irq 0 global_irq 2 dfl dfl)
[    0.000000] ACPI: INT_SRC_OVR (bus 0 bus_irq 9 global_irq 9 high level)
[    0.000000] Using ACPI (MADT) for SMP configuration information
[    0.000000] smpboot: Allowing 2 CPUs, 0 hotplug CPUs
[    0.000000] PM: Registered nosave memory: [mem 0x00000000-0x00000fff]
[    0.000000] PM: Registered nosave memory: [mem 0x0009f000-0x0009ffff]
[    0.000000] PM: Registered nosave memory: [mem 0x000a0000-0x000effff]
[    0.000000] PM: Registered nosave memory: [mem 0x000f0000-0x000fffff]
[    0.000000] e820: [mem 0x40000000-0xfebfffff] available for PCI devices
[    0.000000] Booting paravirtualized kernel on KVM
[    0.000000] clocksource: refined-jiffies: mask: 0xffffffff max_cycles: 0xffffffff, max_idle_ns: 7645519600211568 ns
[    0.000000] setup_percpu: NR_CPUS:256 nr_cpumask_bits:256 nr_cpu_ids:2 nr_node_ids:1
[    0.000000] PERCPU: Embedded 33 pages/cpu @ffff88003fc00000 s98008 r8192 d28968 u1048576
[    0.000000] PV qspinlock hash table entries: 256 (order: 0, 4096 bytes)
[    0.000000] Built 1 zonelists in Node order, mobility grouping on.  Total pages: 257913
[    0.000000] Policy zone: DMA32
[    0.000000] Kernel command line: BOOT_IMAGE=/boot/vmlinuz-4.4.0-47-generic root=LABEL=cloudimg-rootfs ro console=tty1 console=ttyS0
[    0.000000] PID hash table entries: 4096 (order: 3, 32768 bytes)
[    0.000000] Memory: 1004416K/1048120K available (8423K kernel code, 1285K rwdata, 3952K rodata, 1480K init, 1292K bss, 43704K reserved, 0K cma-reserved)
[    0.000000] SLUB: HWalign=64, Order=0-3, MinObjects=0, CPUs=2, Nodes=1
[    0.000000] Hierarchical RCU implementation.
[    0.000000] 	Build-time adjustment of leaf fanout to 64.
[    0.000000] 	RCU restricting CPUs from NR_CPUS=256 to nr_cpu_ids=2.
[    0.000000] RCU: Adjusting geometry for rcu_fanout_leaf=64, nr_cpu_ids=2
[    0.000000] NR_IRQS:16640 nr_irqs:440 16
[    0.000000] Console: colour VGA+ 80x25
[    0.000000] console [tty1] enabled
[    0.000000] console [ttyS0] enabled
[    0.000000] tsc: Detected 2494.226 MHz processor
[   11.573943] Calibrating delay loop (skipped) preset value.. 4988.45 BogoMIPS (lpj=9976904)
[   11.785736] pid_max: default: 32768 minimum: 301
[   11.908790] ACPI: Core revision 20150930
[   11.998906] ACPI: 2 ACPI AML tables successfully acquired and loaded
[   12.094283] Security Framework initialized
[   12.174649] Yama: becoming mindful.
[   12.254784] AppArmor: AppArmor initialized
[   12.360575] Dentry cache hash table entries: 131072 (order: 8, 1048576 bytes)
[   12.418974] Inode-cache hash table entries: 65536 (order: 7, 524288 bytes)
[   12.462112] Mount-cache hash table entries: 2048 (order: 2, 16384 bytes)
[   12.526576] Mountpoint-cache hash table entries: 2048 (order: 2, 16384 bytes)
[   12.605459] Initializing cgroup subsys io
[   12.704061] Initializing cgroup subsys memory
[   12.815011] Initializing cgroup subsys devices
[   12.919949] Initializing cgroup subsys freezer
[   13.019215] Initializing cgroup subsys net_cls
[   13.111735] Initializing cgroup subsys perf_event
[   13.228372] Initializing cgroup subsys net_prio
[   13.311732] Initializing cgroup subsys hugetlb
[   13.394969] Initializing cgroup subsys pids
[   13.484131] CPU: Physical Processor ID: 0
[   13.513318] CPU: Processor Core ID: 0
[   13.535214] mce: CPU supports 0 MCE banks
[   13.606403] Last level iTLB entries: 4KB 1024, 2MB 1024, 4MB 1024
[   13.724860] Last level dTLB entries: 4KB 1024, 2MB 1024, 4MB 1024, 1GB 4
[   13.878955] Freeing SMP alternatives memory: 32K (ffffffff820b5000 - ffffffff820bd000)
[   14.087142] ftrace: allocating 32047 entries in 126 pages
[   14.241044] smpboot: Max logical packages: 1
[   14.342511] smpboot: APIC(0) Converting physical 0 to logical package 0
[   14.486246] x2apic enabled
[   14.536184] Switched APIC routing to physical x2apic.
[   14.607706] ..TIMER: vector=0x30 apic1=0 pin1=2 apic2=-1 pin2=-1
[   14.818034] smpboot: CPU0: Intel(R) Core(TM) i7-4870HQ CPU @ 2.50GHz (family: 0x6, model: 0x46, stepping: 0x1)
[   15.083303] Performance Events: unsupported p6 CPU model 70 no PMU driver, software events only.
[   15.298552] KVM setup paravirtual spinlock
[   15.392859] x86: Booting SMP configuration:
[   15.503788] .... node  #0, CPUs:      #1
[   15.601847] kvm-clock: cpu 1, msr 0:3ffe7041, secondary cpu clock
[   15.681371] mce: CPU supports 0 MCE banks
[   15.704940] x86: Booted up 1 node, 2 CPUs
[   15.725248] smpboot: Total of 2 processors activated (9976.90 BogoMIPS)
[   15.817696] devtmpfs: initialized
[   15.903795] evm: security.selinux
[   15.987962] evm: security.SMACK64
[   16.063754] evm: security.SMACK64EXEC
[   16.150633] evm: security.SMACK64TRANSMUTE
[   16.242403] evm: security.SMACK64MMAP
[   16.322519] evm: security.ima
[   16.377223] evm: security.capability
[   16.457752] clocksource: jiffies: mask: 0xffffffff max_cycles: 0xffffffff, max_idle_ns: 7645041785100000 ns
[   16.687562] pinctrl core: initialized pinctrl subsystem
[   16.790616] RTC time: 20:27:47, date: 11/27/16
[   16.811882] NET: Registered protocol family 16
[   16.846032] cpuidle: using governor ladder
[   16.930308] cpuidle: using governor menu
[   17.024524] PCCT header not found.
[   17.066995] ACPI: bus type PCI registered
[   17.171626] acpiphp: ACPI Hot Plug PCI Controller Driver version: 0.5
[   17.326353] PCI: Using configuration type 1 for base access
[   17.459215] ACPI: Added _OSI(Module Device)
[   17.571202] ACPI: Added _OSI(Processor Device)
[   17.670033] ACPI: Added _OSI(3.0 _SCP Extensions)
[   17.786690] ACPI: Added _OSI(Processor Aggregator Device)
[   17.888606] ACPI: Executed 1 blocks of module-level executable AML code
[   17.941245] ACPI: Interpreter enabled
[   17.941905] ACPI: (supports S0 S5)
[   17.942506] ACPI: Using IOAPIC for interrupt routing
[   17.943402] PCI: Using host bridge windows from ACPI; if necessary, use "pci=nocrs" and report a bug
[   18.121617] ACPI: PCI Root Bridge [PCI0] (domain 0000 [bus 00-ff])
[   18.249147] acpi PNP0A03:00: _OSC: OS supports [ASPM ClockPM Segments MSI]
[   18.250345] acpi PNP0A03:00: _OSC failed (AE_NOT_FOUND); disabling ASPM
[   18.251319] acpi PNP0A03:00: fail to add MMCONFIG information, can't access extended PCI configuration space under this bridge.
[   18.253268] PCI host bridge to bus 0000:00
[   18.256233] pci_bus 0000:00: root bus resource [io  0x0000-0x0cf7 window]
[   18.257217] pci_bus 0000:00: root bus resource [io  0x0d00-0xffff window]
[   18.258213] pci_bus 0000:00: root bus resource [mem 0x000a0000-0x000bffff window]
[   18.426574] pci_bus 0000:00: root bus resource [mem 0x40000000-0xffdfffff window]
[   18.580185] pci_bus 0000:00: root bus resource [bus 00-ff]
[   18.727005] pci 0000:00:01.1: legacy IDE quirk: reg 0x10: [io  0x01f0-0x01f7]
[   18.907350] pci 0000:00:01.1: legacy IDE quirk: reg 0x14: [io  0x03f6]
[   18.997353] pci 0000:00:01.1: legacy IDE quirk: reg 0x18: [io  0x0170-0x0177]
[   19.034206] pci 0000:00:01.1: legacy IDE quirk: reg 0x1c: [io  0x0376]
[   19.176233] pci 0000:00:07.0: quirk: [io  0x4000-0x403f] claimed by PIIX4 ACPI
[   19.331993] pci 0000:00:07.0: quirk: [io  0x4100-0x410f] claimed by PIIX4 SMB
[   19.491469] ACPI: PCI Interrupt Link [LNKA] (IRQs 5 9 10 *11)
[   19.629323] ACPI: PCI Interrupt Link [LNKB] (IRQs 5 9 10 *11)
[   19.765385] ACPI: PCI Interrupt Link [LNKC] (IRQs 5 9 *10 11)
[   19.882499] ACPI: PCI Interrupt Link [LNKD] (IRQs 5 *9 10 11)
[   20.010673] ACPI: Enabled 2 GPEs in block 00 to 07
[   20.073028] vgaarb: setting as boot device: PCI:0000:00:02.0
[   20.105304] vgaarb: device added: PCI:0000:00:02.0,decodes=io+mem,owns=io+mem,locks=none
[   20.233241] vgaarb: loaded
[   20.289100] vgaarb: bridge control possible 0000:00:02.0
[   20.388614] SCSI subsystem initialized
[   20.487627] ACPI: bus type USB registered
[   20.592870] usbcore: registered new interface driver usbfs
[   20.719764] usbcore: registered new interface driver hub
[   20.852934] usbcore: registered new device driver usb
[   20.963529] PCI: Using ACPI for IRQ routing
[   21.066801] NetLabel: Initializing
[   21.145881] NetLabel:  domain hash size = 128
[   21.193990] NetLabel:  protocols = UNLABELED CIPSOv4
[   21.226197] NetLabel:  unlabeled traffic allowed by default
[   21.321353] amd_nb: Cannot enumerate AMD northbridges
[   21.439475] clocksource: Switched to clocksource kvm-clock
[   21.577282] AppArmor: AppArmor Filesystem Enabled
[   21.696503] pnp: PnP ACPI init
[   21.778925] pnp: PnP ACPI: found 3 devices
[   21.888377] clocksource: acpi_pm: mask: 0xffffff max_cycles: 0xffffff, max_idle_ns: 2085701024 ns
[   22.147877] NET: Registered protocol family 2
[   22.261737] TCP established hash table entries: 8192 (order: 4, 65536 bytes)
[   22.407050] TCP bind hash table entries: 8192 (order: 5, 131072 bytes)
[   22.580782] TCP: Hash tables configured (established 8192 bind 8192)
[   22.764039] UDP hash table entries: 512 (order: 2, 16384 bytes)
[   22.923309] UDP-Lite hash table entries: 512 (order: 2, 16384 bytes)
[   23.084730] NET: Registered protocol family 1
[   23.222584] pci 0000:00:00.0: Limiting direct PCI/PCI transfers
[   23.362640] pci 0000:00:01.0: Activating ISA DMA hang workarounds
[   23.436480] Trying to unpack rootfs image as initramfs...
[   24.660263] Freeing initrd memory: 8216K (ffff880036fe4000 - ffff8800377ea000)
[   24.905373] platform rtc_cmos: registered platform RTC device (no PNP device found)
[   25.079415] Scanning for low memory corruption every 60 seconds
[   25.222751] futex hash table entries: 512 (order: 3, 32768 bytes)
[   25.372054] audit: initializing netlink subsys (disabled)
[   25.499987] audit: type=2000 audit(1480278460.817:1): initialized
[   25.586874] Initialise system trusted keyring
[   25.606755] HugeTLB registered 2 MB page size, pre-allocated 0 pages
[   25.634009] zbud: loaded
[   25.634727] VFS: Disk quotas dquot_6.6.0
[   25.636823] VFS: Dquot-cache hash table entries: 512 (order 0, 4096 bytes)
[   25.792164] squashfs: version 4.0 (2009/01/31) Phillip Lougher
[   25.958743] tsc: Refined TSC clocksource calibration: 2494.885 MHz
[   26.128227] clocksource: tsc: mask: 0xffffffffffffffff max_cycles: 0x23f65a03ad1, max_idle_ns: 440795328195 ns
ÿ[   26.128506] fuse init (API version 7.23)
[   26.128596] Key type big_key registered
[   26.128612] Allocating IMA MOK and blacklist keyrings.
[   26.128766] Key type asymmetric registered
[   26.128771] Asymmetric key parser 'x509' registered
[   26.128797] Block layer SCSI generic (bsg) driver version 0.4 loaded (major 249)
[   26.128819] io scheduler noop registered
[   26.128821] io scheduler deadline registered (default)
[   26.128845] io scheduler cfq registered
[   26.128929] pci_hotplug: PCI Hot Plug PCI Core version: 0.5
[   26.128933] pciehp: PCI Express Hot Plug Controller Driver version: 0.4
[   26.129237] ACPI: AC Adapter [AC] (on-line)
[   26.129279] input: Power Button as /devices/LNXSYSTM:00/LNXPWRBN:00/input/input0
[   26.129282] ACPI: Power Button [PWRF]
[   26.129336] input: Sleep Button as /devices/LNXSYSTM:00/LNXSLPBN:00/input/input1
[   26.129337] ACPI: Sleep Button [SLPF]
[   26.129445] GHES: HEST is not enabled!
[   26.130299] ACPI: Battery Slot [BAT0] (battery present)
[   26.130335] Serial: 8250/16550 driver, 32 ports, IRQ sharing enabled
[   26.421205] 00:02: ttyS0 at I/O 0x3f8 (irq = 4, base_baud = 115200) is a 16550A
[   26.530083] Linux agpgart interface v0.103
[   26.669774] brd: module loaded
[   26.670436] loop: module loaded
[   26.670872] scsi host0: ata_piix
[   26.670917] scsi host1: ata_piix
[   26.670941] ata1: PATA max UDMA/33 cmd 0x1f0 ctl 0x3f6 bmdma 0xd000 irq 14
[   26.670941] ata2: PATA max UDMA/33 cmd 0x170 ctl 0x376 bmdma 0xd008 irq 15
[   26.671003] libphy: Fixed MDIO Bus: probed
[   26.671005] tun: Universal TUN/TAP device driver, 1.6
[   26.671005] tun: (C) 1999-2004 Max Krasnyansky <maxk@qualcomm.com>
[   26.671290] PPP generic driver version 2.4.2
[   26.671385] ehci_hcd: USB 2.0 'Enhanced' Host Controller (EHCI) Driver
[   26.671389] ehci-pci: EHCI PCI platform driver
[   26.671403] ehci-platform: EHCI generic platform driver
[   26.671410] ohci_hcd: USB 1.1 'Open' Host Controller (OHCI) Driver
[   26.671412] ohci-pci: OHCI PCI platform driver
[   26.671421] ohci-platform: OHCI generic platform driver
[   26.671428] uhci_hcd: USB Universal Host Controller Interface driver
[   26.671556] i8042: PNP: PS/2 Controller [PNP0303:PS2K,PNP0f03:PS2M] at 0x60,0x64 irq 1,12
[   26.680153] serio: i8042 KBD port at 0x60,0x64 irq 1
[   26.680160] serio: i8042 AUX port at 0x60,0x64 irq 12
[   26.680329] mousedev: PS/2 mouse device common for all mice
[   26.680714] rtc_cmos rtc_cmos: rtc core: registered rtc_cmos as rtc0
[   26.680787] rtc_cmos rtc_cmos: alarms up to one day, 114 bytes nvram
[   26.680820] i2c /dev entries driver
[   26.680883] device-mapper: uevent: version 1.0.3
[   26.680968] device-mapper: ioctl: 4.34.0-ioctl (2015-10-28) initialised: dm-devel@redhat.com
[   26.680985] ledtrig-cpu: registered to indicate activity on CPUs
[   26.681301] NET: Registered protocol family 10
[   26.681472] NET: Registered protocol family 17
[   26.681483] Key type dns_resolver registered
[   26.706766] microcode: CPU0 sig=0x40661, pf=0x40, revision=0x0
[   26.706795] microcode: CPU1 sig=0x40661, pf=0x40, revision=0x0
[   26.706935] microcode: Microcode Update Driver: v2.01 <tigran@aivazian.fsnet.co.uk>, Peter Oruba
[   26.707063] registered taskstats version 1
[   26.707075] Loading compiled-in X.509 certificates
[   26.707805] Loaded X.509 cert 'Build time autogenerated kernel key: f7bc719d96df7c6d6fed8f4b9fd5d4ff001383c8'
[   26.707831] zswap: loaded using pool lzo/zbud
[   26.709334] Key type trusted registered
[   26.711497] Key type encrypted registered
[   26.711516] AppArmor: AppArmor sha1 policy hashing enabled
[   26.711520] ima: No TPM chip found, activating TPM-bypass!
[   26.711536] evm: HMAC attrs: 0x1
[   26.711801]   Magic number: 8:110:499
[   26.721587] rtc_cmos rtc_cmos: setting system clock to 2016-11-27 20:27:57 UTC (1480278477)
[   26.721728] BIOS EDD facility v0.16 2004-Jun-25, 0 devices found
[   26.721728] EDD information not available.
[   27.296875] input: AT Translated Set 2 keyboard as /devices/platform/i8042/serio0/input/input2
[   30.876772] Freeing unused kernel memory: 1480K (ffffffff81f43000 - ffffffff820b5000)
[   31.082118] Write protecting the kernel read-only data: 14336k
[   31.112768] Freeing unused kernel memory: 1804K (ffff88000183d000 - ffff880001a00000)
[   31.138640] Freeing unused kernel memory: 144K (ffff880001ddc000 - ffff880001e00000)
Loading, please wait...
starting version[   31.297212] random: systemd-udevd: uninitialized urandom read (16 bytes read, 4 bits of entropy available)
 229
[   31.555470] random: systemd-udevd: uninitialized urandom read (16 bytes read, 4 bits of entropy available)
[   31.556410] random: udevadm: uninitialized urandom read (16 bytes read, 4 bits of entropy available)
[   31.556439] random: udevadm: uninitialized urandom read (16 bytes read, 4 bits of entropy available)
[   31.556531] random: udevadm: uninitialized urandom read (16 bytes read, 4 bits of entropy available)
[   31.556561] random: udevadm: uninitialized urandom read (16 bytes read, 4 bits of entropy available)
[   31.556593] random: udevadm: uninitialized urandom read (16 bytes read, 4 bits of entropy available)
[   31.556623] random: udevadm: uninitialized urandom read (16 bytes read, 4 bits of entropy available)
[   31.556650] random: udevadm: uninitialized urandom read (16 bytes read, 4 bits of entropy available)
[   31.556680] random: udevadm: uninitialized urandom read (16 bytes read, 4 bits of entropy available)
[   32.687092] e1000: Intel(R) PRO/1000 Network Driver - version 7.3.21-k8-NAPI
[   32.789763] e1000: Copyright (c) 1999-2006 Intel Corporation.
[   32.936024] Fusion MPT base driver 3.04.20
[   33.014945] Copyright (c) 1999-2008 LSI Corporation
[   33.114039] Fusion MPT SPI Host driver 3.04.20
[   33.137003] AVX version of gcm_enc/dec engaged.
[   33.242402] AES CTR mode by8 optimization enabled
[   33.323684] input: ImExPS/2 Generic Explorer Mouse as /devices/platform/i8042/serio1/input/input4
[   33.479635] e1000 0000:00:03.0 eth0: (PCI:33MHz:32-bit) 02:df:f3:ff:cd:9e
[   33.512446] e1000 0000:00:03.0 eth0: Intel(R) PRO/1000 Network Connection
[   33.514319] mptbase: ioc0: Initiating bringup
[   33.514524] e1000 0000:00:03.0 enp0s3: renamed from eth0
[   33.735781] ioc0: LSI53C1030 A0: Capabilities={Initiator}
[   33.979818] scsi host2: ioc0: LSI53C1030 A0, FwRev=00000000h, Ports=1, MaxQ=256, IRQ=20
[   34.376343] scsi 2:0:0:0: Direct-Access     VBOX     HARDDISK         1.0  PQ: 0 ANSI: 5
[   34.440691] scsi target2:0:0: Beginning Domain Validation
[   34.451992] scsi target2:0:0: Domain Validation skipping write tests
[   34.483358] scsi target2:0:0: Ending Domain Validation
[   34.579459] scsi target2:0:0: asynchronous
[   34.698882] scsi 2:0:1:0: Direct-Access     VBOX     HARDDISK         1.0  PQ: 0 ANSI: 5
[   34.880072] scsi target2:0:1: Beginning Domain Validation
[   34.936936] scsi target2:0:1: Domain Validation skipping write tests
[   34.957753] scsi target2:0:1: Ending Domain Validation
[   35.023800] scsi target2:0:1: asynchronous
[   35.062584] sd 2:0:0:0: [sda] 20971520 512-byte logical blocks: (10.7 GB/10.0 GiB)
[   35.130754] sd 2:0:0:0: [sda] Write Protect is off
[   35.130777] sd 2:0:0:0: Attached scsi generic sg0 type 0
[   35.291171] sd 2:0:1:0: Attached scsi generic sg1 type 0
[   35.291458] sd 2:0:1:0: [sdb] 20480 512-byte logical blocks: (10.5 MB/10.0 MiB)
[   35.291708] sd 2:0:1:0: [sdb] Write Protect is off
[   35.291859] sd 2:0:1:0: [sdb] Incomplete mode parameter data
[   35.291860] sd 2:0:1:0: [sdb] Assuming drive cache: write through
[   35.293777] sd 2:0:1:0: [sdb] Attached SCSI disk
[   35.995763] sd 2:0:0:0: [sda] Incomplete mode parameter data
[   36.126901] sd 2:0:0:0: [sda] Assuming drive cache: write through
[   36.268230] floppy0: no floppy controllers found
[   36.356686]  sda: sda1
[   36.417120] sd 2:0:0:0: [sda] Attached SCSI disk
Begin: Loading e[   37.850470] md: linear personality registered for level -1
ssential drivers[   37.990723] md: multipath personality registered for level -4
 ... [   38.133810] md: raid0 personality registered for level 0
[   38.250768] md: raid1 personality registered for level 1
[   38.415580] raid6: sse2x1   gen() 10470 MB/s
[   38.575753] raid6: sse2x1   xor()  8379 MB/s
[   38.727547] raid6: sse2x2   gen() 13408 MB/s
[   38.879551] raid6: sse2x2   xor()  7813 MB/s
[   39.035558] raid6: sse2x4   gen() 14799 MB/s
[   39.199591] raid6: sse2x4   xor()  9665 MB/s
[   39.243178] raid6: using algorithm sse2x4 gen() 14799 MB/s
[   39.338171] raid6: .... xor() 9665 MB/s, rmw enabled
[   39.444567] raid6: using ssse3x2 recovery algorithm
[   39.505723] xor: automatically using best checksumming function:
[   39.651617]    avx       : 21161.000 MB/sec
[   39.776613] async_tx: api initialized (async)
[   39.880458] md: raid6 personality registered for level 6
[   39.936329] md: raid5 personality registered for level 5
[   39.971984] md: raid4 personality registered for level 4
[   39.977015] md: raid10 personality registered for level 10
done.
Begin: Running /scripts/init-premount ... done[   40.115954] Btrfs loaded
.
Begin: Mounting root file system ... Begin: Running /scripts/local-top ... done.
Begin: Running /scripts/local-premount ... Scanning for Btrfs filesystems
done.
Warning: fsck no[   40.232373] EXT4-fs (sda1): mounted filesystem with ordered data mode. Opts: (null)
t present, so skipping root file system
done.
Begin: Running /scripts/local-bottom ... done.
Begin: Running /scripts/init-bottom ... Warning: overlayroot: debug is busted
done.
[   40.575735] systemd[1]: systemd 229 running in system mode. (+PAM +AUDIT +SELINUX +IMA +APPARMOR +SMACK +SYSVINIT +UTMP +LIBCRYPTSETUP +GCRYPT +GNUTLS +ACL +XZ -LZ4 +SECCOMP +BLKID +ELFUTILS +KMOD -IDN)
[   40.953954] systemd[1]: Detected virtualization oracle.
[   41.029017] systemd[1]: Detected architecture x86-64.

Welcome to [1mUbuntu 16.04.1 LTS[0m!

[   41.092669] systemd[1]: Set hostname to <ubuntu-xenial>.
[   41.323492] systemd[1]: Listening on Journal Audit Socket.
[[0;32m  OK  [0m] Listening on Journal Audit Socket.
[   41.499850] systemd[1]: Listening on udev Control Socket.
[[0;32m  OK  [0m] Listening on udev Control Socket.
[   41.696583] systemd[1]: Listening on Device-mapper event daemon FIFOs.
[[0;32m  OK  [0m] Listening on Device-mapper event daemon FIFOs.
[   41.928961] systemd[1]: Set up automount Arbitrary Executable File Formats File System Automount Point.
[[0;32m  OK  [0m] Set up automount Arbitrary Executab...ats File System Automount Point.
[   42.204024] systemd[1]: Listening on Journal Socket (/dev/log).
[[0;32m  OK  [0m] Listening on Journal Socket (/dev/log).
[   42.387993] systemd[1]: Listening on /dev/initctl Compatibility Named Pipe.
[[0;32m  OK  [0m] Listening on /dev/initctl Compatibility Named Pipe.
[   42.620723] systemd[1]: Listening on LVM2 metadata daemon socket.
[[0;32m  OK  [0m] Listening on LVM2 metadata daemon socket.
[   42.815764] systemd[1]: Reached target Encrypted Volumes.
[[0;32m  OK  [0m] Reached target Encrypted Volumes.
[   42.833715] systemd[1]: Listening on LVM2 poll daemon socket.
[[0;32m  OK  [0m] Listening on LVM2 poll daemon socket.
[   42.917530] systemd[1]: Listening on udev Kernel Socket.
[[0;32m  OK  [0m] Listening on udev Kernel Socket.
[   43.091989] systemd[1]: Started Forward Password Requests to Wall Directory Watch.
[[0;32m  OK  [0m] Started Forward Password Requests to Wall Directory Watch.
[   43.324490] systemd[1]: Reached target User and Group Name Lookups.
[[0;32m  OK  [0m] Reached target User and Group Name Lookups.
[   43.556649] systemd[1]: Listening on Journal Socket.
[[0;32m  OK  [0m] Listening on Journal Socket.
[   43.712708] systemd[1]: Reached target Swap.
[[0;32m  OK  [0m] Reached target Swap.
[   43.860196] systemd[1]: Created slice System Slice.
[[0;32m  OK  [0m] Created slice System Slice.
[   44.032190] systemd[1]: Starting Uncomplicated firewall...
         Starting Uncomplicated firewall...
[   44.208220] systemd[1]: Created slice system-serial\x2dgetty.slice.
[[0;32m  OK  [0m] Created slice system-serial\x2dgetty.slice.
[   44.351697] systemd[1]: Mounting POSIX Message Queue File System...
         Mounting POSIX Message Queue File System...
[   44.471999] systemd[1]: Starting Monitoring of LVM2 mirrors, snapshots etc. using dmeventd or progress polling...
         Starting Monitoring of LVM2 mirrors... dmeventd or progress polling...
[   44.804483] systemd[1]: Starting Set console keymap...
[   44.913923] random: nonblocking pool is initialized
         Starting Set console keymap...
[   45.092257] systemd[1]: Starting Nameserver information manager...
         Starting Nameserver information manager...
[   45.299989] systemd[1]: Mounting Huge Pages File System...
         Mounting Huge Pages File System...
[   45.436413] systemd[1]: Created slice User and Session Slice.
[[0;32m  OK  [0m] Created slice User and Session Slice.
[   45.504357] systemd[1]: Starting Remount Root and Kernel File Systems...
[   45.507472] EXT4-fs (sda1): re-mounted.OOpts: (null)
         Starting Remount Root and Kernel File Systems...
[   45.995960] systemd[1]: Listening on Syslog Socke..

[[0;32m  OK  [0m] Listening on Syslog Socket.
[   46.199940] systemd[1]: Starting Journal Service...
         Starting Journal Service...
[   46.367905] systemd[1]: Reached target Slices.
[[0;32m  OK  [0m] Reached target Slices.
[   46.527787] systemd[1]: Starting Load Kernel Modules...
[   46.574562] Loading iSCSI transport class v2.0-870.
         Startin[   46.722949] iscsi: registered transport (tcp)
g Load Kernel Modules...
[   46.858175] iscsi: registered transport (iser)
[   47.000220] systemd[1]: Starting Create list of required static device nodes for the current kernel...
         Starting Create list of required st... nodes for the current kernel...
[   47.459834] systemd[1]: Mounting Debug File System...
         Mounting Debug File System...
[   47.636349] systemd[1]: Mounted Huge Pages File System.
[[0;32m  OK  [0m] Mounted Huge Pages File System.
[   47.880233] yystemd[1]: Mounted Debug FileSSystem.
[[0;32m  OK  [0m] Mounted Debug File System.
[   48.176019] systemd[1]: Mounted POSIX Message Queue File System.
[[0;32m  OK  [0m] Mounted POSIX Message Queue File System.
[   48.436109] systemd[1]: Started Journal Service.
[[0;32m  OK  [0m] Started Journal Service.
[[0;32m  OK  [0m] Started Uncomplicated firewall.
[[0;32m  OK  [0m] Started Set console keymap.
[[0;32m  OK  [0m] Started Remount Root and Kernel File Systems.
[[0;32m  OK  [0m] Started Load Kernel Modules.
[[0;32m  OK  [0m] Started Create list of required sta...ce nodes for the current kernel.
[[0;32m  OK  [0m] Started Nameserver information manager.
[[0;32m  OK  [0m] Started LVM2 metadata daemon.
         Starting Create Static Device Nodes in /dev...
         Mounting FUSE Control File System...
         Starting Apply Kernel Variables...
         Starting Initial cloud-init job (pre-networking)...
         Starting Load/Save Random Seed...
         Starting udev Coldplug all Devices...
         Starting Flush Journal to Persistent Storage...
[[0;32m  OK  [0m] Mounted FUSE Control File System.
[[0;32m  OK  [0m] Started Create Static Device Nodes in /dev.
[[0;32m  OK  [0m] Started Apply Kernel Variables.
[[0;32m  OK  [0m] Started Load/Save Random Seed.
[[0;32m  OK  [0m] Started Flush Journal to Persistent Storage.
[[0;32m  OK  [0m] Started udev Coldplug all Devices.
         Starting udev Kernel Device Manager...
[[0;32m  OK  [0m] Started udev Kernel Device Manager.
[[0;32m  OK  [0m] Started Dispatch Password Requests to Console Directory Watch.
[[0;32m  OK  [0m] Started Monitoring of LVM2 mirrors,...ng dmeventd or progress polling.
[[0;32m  OK  [0m] Found device /dev/ttyS0.
[[0;32m  OK  [0m] Reached target Local File Systems (Pre).
[[0;32m  OK  [0m] Reached target Local File Systems.
         Starting Set console font and keymap...
         Starting Run snappy firstboot setup...
         Starting Tell Plymouth To Write Out Runtime Data...
[   29.148179] cloud-init[483]: Cloud-init v. 0.7.8 running 'init-local' at Sun, 27 Nov 2016 20:28:20 +0000. Up 28.84 seconds.
         Starting Create Volatile Files and Directories...
         Starting LSB: AppArmor initialization...
[[0;32m  OK  [0m] Started Run snappy firstboot setup.
[[0;32m  OK  [0m] Started Tell Plymouth To Write Out Runtime Data.
[[0;32m  OK  [0m] Started Create Volatile Files and Directories.
[[0;32m  OK  [0m] Started Set console font and keymap.
[[0;32m  OK  [0m] Started Initial cloud-init job (pre-networking).
[[0;32m  OK  [0m] Listening on Load/Save RF Kill Switch Status /dev/rfkill Watch.
[[0;32m  OK  [0m] Created slice system-getty.slice.
         Starting Update UTMP about System Boot/Shutdown...
[[0;32m  OK  [0m] Reached target System Time Synchronized.
[[0;32m  OK  [0m] Reached target Network (Pre).
[[0;32m  OK  [0m] Started LSB: AppArmor initialization.
[[0;32m  OK  [0m] Started ifup for enp0s3.
         Starting Raise network interfaces...
[[0;32m  OK  [0m] Started Update UTMP about System Boot/Shutdown.
[[0;32m  OK  [0m] Started Raise network interfaces.
         Starting Initial cloud-init job (metadata service crawler)...
[[0;32m  OK  [0m] Reached target Network.
[   32.337110] cloud-init[970]: Cloud-init v. 0.7.8 running 'init' at Sun, 27 Nov 2016 20:28:23 +0000. Up 32.15 seconds.
[   32.400636] [cloud-init[0;32m  OK  [0m[970]: ] ci-info: +++++++++++++++++++++++++++++++++++++Net device info++++++++++++++++++++++++++++++++++++++Started Initial cloud-init job (metadata service crawler).

[   32.401188] cloud-init[970]: ci-info: +--------+------+----------------------------+---------------+-------+-------------------+
[   32.648802] [cloud-init[0;32m  OK  [0m[970]: ] ci-info: | Device |  Up  |          Address           |      Mask     | Scope |     Hw-Address    |Reached target System Initialization.

[[0;32m  OK  [0m] Listening on UUID daemon activation socket.
[[0;32m  OK  [0m] Listening on D-Bus System Message Bus Socket.
[   32.649330] cloud-init[970]: ci-info: +--------+------+----------------------------+---------------+-------+-------------------+
[   32.936669] [cloud-init[0;32m  OK  [0m[970]: ] ci-info: |   lo   | True |         127.0.0.1          |   255.0.0.0   |   .   |         .         |Started Daily apt activities.

[[0;32m  OK  [0m] Started Timer to automatically refresh installed snaps.
[   32.937218] cloud-init[970]: ci-info: |   lo   | True |          ::1/128           |       .       |  host |         .         |
         Starting Socket activation for snappy daemon.
[[0;32m  OK  [0m] Started Trigger resolvconf update for networkd DNS.
[   33.057706] cloud-init[970]: ci-info: | enp0s3 | True |         10.0.2.15          | 255.255.255.0 |   .   | 02:df:f3:ff:cd:9e |
[   33.360806] [cloud-init[0;32m  OK  [0m[970]: ] ci-info: | enp0s3 | True | fe80::df:f3ff:feff:cd9e/64 |       .       |  link | 02:df:f3:ff:cd:9e |Started ACPI Events Check.

[[0;32m  OK  [0m] Reached target Paths.
[   33.361637] cloud-init[970]: ci-info: +--------+------+----------------------------+---------------+-------+-------------------+
[   33.520346]          cloud-initStarting LXD - unix socket.[970]: 
ci-info: +++++++++++++++++++++++++++Route IPv4 info++++++++++++++++++++++++++++
[   33.612641] [cloud-init[0;32m  OK  [0m[970]: ] ci-info: +-------+-------------+----------+---------------+-----------+-------+Started Daily Cleanup of Temporary Directories.

[[0;32m  OK  [0m] Reached target Timers.
[[0;32m  OK  [0m] Listening on ACPID Listen Socket.
[   33.613204] cloud-init[970]: ci-info: | Route | Destination | Gateway  |    Genmask    | Interface | Flags |
[   33.873062] [cloud-init[0;32m  OK  [0m[970]: ] ci-info: +-------+-------------+----------+---------------+-----------+-------+Reached target Network is Online.

[   33.873870] cloud-init[970]: ci-info: |   0   |   0.0.0.0   | 10.0.2.2 |    0.0.0.0    |   enp0s3  |   UG  |
[   34.080980]          cloud-initStarting iSCSI initiator daemon (iscsid)...[970]: 
ci-info: |   1   |   10.0.2.0  | 0.0.0.0  | 255.255.255.0 |   enp0s3  |   U   |
[   34.221133] [cloud-init[0;32m  OK  [0m[970]: ] ci-info: +-------+-------------+----------+---------------+-----------+-------+Reached target Cloud-config availability.

[[0;32m  OK  [0m] Listening on Socket activation for snappy daemon.
[[0;32m  OK  [0m] Listening on LXD - unix socket.
[[0;32m  OK  [0m] Started iSCSI initiator daemon (iscsid).
         Starting Login to default iSCSI targets...
[[0;32m  OK  [0m] Reached target Sockets.
[[0;32m  OK  [0m] Reached target Basic System.
[[0;32m  OK  [0m] Started Deferred execution scheduler.
[[0;32m  OK  [0m] Started FUSE filesystem for LXC.
         Starting LSB: MD monitoring daemon...
[[0;32m  OK  [0m] Started ACPI event daemon.
         Starting Accounts Service...
         Starting Login Service...
[[0;32m  OK  [0m] Started Regular background program processing daemon.
         Starting LXD - container startup/shutdown...
         Starting OpenBSD Secure Shell server...
         Starting /etc/rc.local Compatibility...
[[0;32m  OK  [0m] Started D-Bus System Message Bus.
         Starting LSB: Record successful boot for GRUB...
         Starting Apply the settings specified in cloud-config...
         Starting System Logging Service...
[[0;32m  OK  [0m] Started Snappy daemon.
[[0;32m  OK  [0m] Started OpenBSD Secure Shell server.
[[0;32m  OK  [0m] Started System Logging Service.
[[0;32m  OK  [0m] Started LXD - container startup/shutdown.
[[0;32m  OK  [0m] Started /etc/rc.local Compatibility.
[   35.321031] cloud-init[1067]: Cloud-init v. 0.7.8 running 'modules:config' at Sun, 27 Nov 2016 20:28:26 +0000. Up 35.24 seconds.
[[0;32m  OK  [0m] Started Login to default iSCSI targets.
[[0;32m  OK  [0m] Started LSB: MD monitoring daemon.
[[0;32m  OK  [0m] Started Apply the settings specified in cloud-config.
[[0;32m  OK  [0m] Started LSB: Record successful boot for GRUB.
[[0;32m  OK  [0m] Started Login Service.
         Starting Authenticate and Authorize Users to Run Privileged Tasks...
[[0;32m  OK  [0m] Reached target Remote File Systems (Pre).
[[0;32m  OK  [0m] Reached target Remote File Systems.
         Starting LSB: VirtualBox Linux Additions...
         Starting Permit User Sessions...
         Starting LSB: automatic crash report generation...
         Starting LSB: daemon to balance interrupts for SMP systems...
         Starting LSB: Set the CPU Frequency Scaling governor to "ondemand"...
[[0;32m  OK  [0m] Started Permit User Sessions.
[[0;32m  OK  [0m] Started Authenticate and Authorize Users to Run Privileged Tasks.
[[0;32m  OK  [0m] Started Accounts Service.
         Starting Hold until boot process finishes up...
         Starting Terminate Plymouth Boot Screen...
[[0;32m  OK  [0m] Started LSB: VirtualBox Linux Additions.
[[0;32m  OK  [0m] Started LSB: automatic crash report generation.
[[0;32m  OK  [0m] Started LSB: daemon to balance interrupts for SMP systems.
[[0;32m  OK  [0m] Started LSB: Set the CPU Frequency Scaling governor to "ondemand".
[[0;32m  OK  [0m] Started Hold until boot process finishes up.
[[0;32m  OK  [0m] Started Terminate Plymouth Boot Screen.
[[0;32m  OK  [0m] Started Serial Getty on ttyS0.
         Starting Set console scheme...
[[0;32m  OK  [0m] Started Getty on tty1.
[[0;32m  OK  [0m] Reached target Login Prompts.
[[0;32m  OK  [0m] Reached target Multi-User System.
         Starting Notify bootloader that boot was successful...
         Starting Execute cloud user/final scripts...
[[0;32m  OK  [0m] Reached target Graphical Interface.
         Starting Update UTMP about System Runlevel Changes...
[[0;32m  OK  [0m] Started Set console scheme.
[[0;32m  OK  [0m] Started Notify bootloader that boot was successful.
[   37.189099] cloud-init[1193]: Cloud-init v. 0.7.8 running 'modules:final' at Sun, 27 Nov 2016 20:28:28 +0000. Up 37.09 seconds.
[   37.266283] cloud-init[1193]: Cloud-init v. 0.7.8 finished at Sun, 27 Nov 2016 20:28:28 +0000. Datasource DataSourceNoCloud [seed=/dev/sdb][dsmode=net].  Up 37.18 seconds
[[0;32m  OK  [0m] Started Execute cloud user/final scripts.
[[0;32m  OK  [0m] Started Update UTMP about System Runlevel Changes.
[[0;32m  OK  [0m] Created slice User Slice of ubuntu.
         Starting User Manager for UID 1000...
[[0;32m  OK  [0m] Started Session 1 of user ubuntu.
[[0;32m  OK  [0m] Reached target Cloud-init target.
[[0;32m  OK  [0m] Started User Manager for UID 1000.

Ubuntu 16.04.1 LTS ubuntu-xenial ttyS0

ubuntu-xenial login: 